2026-01-19 16:43:54,340 - INFO - ==================================================
2026-01-19 16:43:54,341 - INFO - File Renamer v13.0 запущен
2026-01-19 16:43:54,341 - INFO - ==================================================
2026-01-19 16:43:54,701 - INFO - GUI инициализирован
2026-01-19 16:43:54,702 - INFO - Запуск mainloop
2026-01-19 19:24:43,190 - INFO - ==================================================
2026-01-19 19:24:43,191 - INFO - File Renamer v13.0 запущен
2026-01-19 19:24:43,191 - INFO - ==================================================
2026-01-19 19:24:43,565 - INFO - GUI инициализирован
2026-01-19 19:24:43,565 - INFO - Запуск mainloop
2026-01-19 19:35:00,843 - INFO - Закрыто пользователем
2026-01-19 19:35:00,853 - INFO - Завершено
2026-01-20 10:20:38,044 - INFO - ==================================================
2026-01-20 10:20:38,044 - INFO - File Renamer v13.0 запущен
2026-01-20 10:20:38,045 - INFO - ==================================================
2026-01-20 10:20:38,416 - INFO - GUI инициализирован
2026-01-20 10:20:38,416 - INFO - Запуск mainloop
2026-01-20 10:20:50,444 - INFO - Закрыто пользователем
2026-01-20 10:20:50,453 - INFO - Завершено
2026-01-20 10:21:51,487 - INFO - ==================================================
2026-01-20 10:21:51,487 - INFO - File Renamer v13.0 запущен
2026-01-20 10:21:51,487 - INFO - ==================================================
2026-01-20 10:21:51,854 - INFO - GUI инициализирован
2026-01-20 10:21:51,854 - INFO - Запуск mainloop
2026-01-20 10:22:01,020 - INFO - Закрыто пользователем
2026-01-20 10:22:01,029 - INFO - Завершено
2026-01-20 10:26:30,654 - INFO - ==================================================
2026-01-20 10:26:30,654 - INFO - File Renamer v13.0 запущен
2026-01-20 10:26:30,654 - INFO - ==================================================
2026-01-20 10:26:31,017 - INFO - GUI инициализирован
2026-01-20 10:26:31,017 - INFO - Запуск mainloop
2026-01-20 10:26:40,801 - INFO - Закрыто пользователем
2026-01-20 10:26:40,810 - INFO - Завершено
2026-01-20 10:28:15,002 - INFO - ==================================================
2026-01-20 10:28:15,002 - INFO - File Renamer v13.1.0 запущен
2026-01-20 10:28:15,002 - INFO - ==================================================
2026-01-20 10:28:15,363 - INFO - GUI инициализирован
2026-01-20 10:28:15,364 - INFO - Запуск mainloop
2026-01-20 10:28:27,560 - INFO - Закрыто пользователем
2026-01-20 10:28:27,568 - INFO - Завершено
